      09:05:48 05/09/2018	==========================================================================
      09:05:48 05/09/2018	GUI loaded
      09:18:51 05/09/2018	==========================================================================
      09:18:51 05/09/2018	GUI loaded
      09:20:28 05/09/2018	==========================================================================
      09:20:28 05/09/2018	GUI loaded
      09:25:36 05/09/2018	==========================================================================
      09:25:36 05/09/2018	GUI loaded
      09:29:45 05/09/2018	==========================================================================
      09:29:45 05/09/2018	GUI loaded
      09:29:53 05/09/2018	Table from Excel imported
      09:37:17 05/09/2018	Item added to model.		ID:          CSZA.CubeWheel.medium	Amount:  2
      09:38:04 05/09/2018	Model exported to Excel
      09:47:40 05/09/2018	==========================================================================
      09:47:40 05/09/2018	GUI loaded
      09:47:44 05/09/2018	Table from Excel imported
      09:48:31 05/09/2018	==========================================================================
      09:48:31 05/09/2018	GUI loaded
      09:48:32 05/09/2018	Table from Excel imported
      09:59:03 05/09/2018	==========================================================================
      09:59:03 05/09/2018	GUI loaded
      09:59:04 05/09/2018	Table from Excel imported
      09:59:08 05/09/2018	GUI closed
      10:06:05 05/09/2018	GUI closed
      10:06:06 05/09/2018	GUI closed
      10:19:28 05/09/2018	==========================================================================
      10:19:28 05/09/2018	GUI loaded
      10:19:35 05/09/2018	Table from Excel imported
      10:19:44 05/09/2018	GUI closed
      10:19:58 05/09/2018	==========================================================================
      10:19:58 05/09/2018	GUI loaded
      10:19:59 05/09/2018	Table from Excel imported
      10:20:04 05/09/2018	GUI closed
      10:41:15 05/09/2018	==========================================================================
      10:41:15 05/09/2018	GUI loaded
      10:41:22 05/09/2018	Table from Excel imported
      10:42:08 05/09/2018	GUI closed
      12:21:43 05/09/2018	==========================================================================
      12:21:43 05/09/2018	GUI loaded
      12:21:50 05/09/2018	Table from Excel imported
      12:21:58 05/09/2018	GUI closed
      12:22:33 05/09/2018	==========================================================================
      12:22:33 05/09/2018	GUI loaded
      12:22:35 05/09/2018	Table from Excel imported
      12:22:41 05/09/2018	GUI closed
      10:13:30 06/09/2018	==========================================================================
      10:13:30 06/09/2018	GUI loaded
      10:20:34 06/09/2018	==========================================================================
      10:20:34 06/09/2018	GUI loaded
      10:22:02 06/09/2018	==========================================================================
      10:22:02 06/09/2018	GUI loaded
      10:22:10 06/09/2018	Table from Excel imported
      10:25:12 06/09/2018	Item added to model.		ID:                  CSZA.CubeStar	Amount:  1
      10:25:42 06/09/2018	GUI closed
      10:34:27 06/09/2018	==========================================================================
      10:34:27 06/09/2018	GUI loaded
      10:34:41 06/09/2018	Table from Excel imported
      10:34:52 06/09/2018	Item added to model.		ID:           CSZA.CubeWheel.small	Amount:  1
      10:34:56 06/09/2018	Model exported to Excel
      10:36:10 06/09/2018	==========================================================================
      10:36:10 06/09/2018	GUI loaded
      10:36:17 06/09/2018	Table from Excel imported
      10:36:26 06/09/2018	GUI closed
      10:43:13 06/09/2018	GUI closed
      10:52:45 06/09/2018	==========================================================================
      10:52:45 06/09/2018	GUI loaded
      10:52:52 06/09/2018	Table from Excel imported
      10:53:05 06/09/2018	Item added to model.		ID:           CSZA.CubeWheel.small	Amount:  1
      10:53:08 06/09/2018	Model exported to Excel
      10:54:22 06/09/2018	GUI closed
      10:57:15 06/09/2018	==========================================================================
      10:57:15 06/09/2018	GUI loaded
      10:57:22 06/09/2018	Table from Excel imported
      10:57:37 06/09/2018	Item added to model.		ID:           CSZA.CubeWheel.small	Amount:  1
      10:57:49 06/09/2018	Model exported to Excel
      11:25:10 06/09/2018	Model exported to Excel
      11:51:24 06/09/2018	==========================================================================
      11:51:24 06/09/2018	GUI loaded
      11:51:26 06/09/2018	Table from Excel imported
      11:51:34 06/09/2018	GUI closed
      11:51:36 06/09/2018	GUI closed
      11:52:46 06/09/2018	==========================================================================
      11:52:46 06/09/2018	GUI loaded
      11:52:53 06/09/2018	Table from Excel imported
      11:53:17 06/09/2018	Item added to model.		ID:           CSZA.CubeWheel.small	Amount:  1
      11:53:20 06/09/2018	Model exported to Excel
      12:16:06 06/09/2018	GUI closed
      12:54:03 06/09/2018	==========================================================================
      12:54:03 06/09/2018	GUI loaded
      12:54:10 06/09/2018	Table from Excel imported
      12:54:21 06/09/2018	Item added to model.		ID:         Gom.NanoTorque.GSW-600	Amount:  1
      12:54:27 06/09/2018	Model exported to Excel
      12:55:52 06/09/2018	GUI closed
      08:40:32 07/09/2018	==========================================================================
      08:40:32 07/09/2018	GUI loaded
      08:40:41 07/09/2018	Table from Excel imported
      16:08:11 27/12/2020	==========================================================================
      16:08:11 27/12/2020	GUI loaded
      16:08:22 27/12/2020	Table from Excel imported
      16:09:59 27/12/2020	Item added to model.		ID:                   Blue.RWP.050	Amount:  4
      16:11:39 27/12/2020	GUI closed
      16:31:59 27/12/2020	==========================================================================
      16:31:59 27/12/2020	GUI loaded
      16:32:05 27/12/2020	Table from Excel imported
      16:45:47 27/12/2020	==========================================================================
      16:45:47 27/12/2020	GUI loaded
      16:45:53 27/12/2020	Table from Excel imported
      16:45:56 27/12/2020	GUI closed
      16:47:42 27/12/2020	GUI closed
      16:48:27 27/12/2020	==========================================================================
      16:48:27 27/12/2020	GUI loaded
      16:48:33 27/12/2020	Table from Excel imported
      16:53:31 27/12/2020	GUI closed
      17:56:24 27/12/2020	==========================================================================
      17:56:24 27/12/2020	GUI loaded
      17:56:37 27/12/2020	Table from Excel imported
      17:57:34 27/12/2020	Item added to model.		ID:                   Blue.RWP.050	Amount:  4
      17:57:49 27/12/2020	Model exported to Excel
      18:02:45 27/12/2020	Item removed from model.	ID:                   Nss.NFSS-411
      18:02:45 27/12/2020	Item added to model.		ID:               Sol.NanoSSOC.D60	Amount:  6
      18:04:50 27/12/2020	Model exported to Excel
      18:06:54 27/12/2020	Model exported to Excel
      18:09:00 27/12/2020	Model exported to Excel
      19:40:11 27/12/2020	GUI closed
